network 153
home 83
openflow 75
control 67
traffic 66
flow 61
router 57
networks 47
devices 45
IP 41
Internet 41
packet 40
protocol 40
access 39
performance 39
time 38
address 37
number 37
switch 34
hardware 34
\oflops 30
provide 29
data 29
support 26
order 26
packets 24
delay 23
interface 23
applications 23
user 23
figure 23
device 23
implementation 22
platform 22
table 21
wireless 21
design 21
switches 21
software 20
protocols 20
implementations 19
problem 19
connectivity 19
rate 18
plane 18
measurement 18
insertion 18
networking 17
set 17
clients 17
approach 17
open 17
broadcast 17
point 17
current 17
DHCP 17
range 17
statistics 16
communication 16
flows 16
management 16
users 16
section 16
existing 16
entries 15
requirements 15
local 14
infrastructure 14
difficult 14
multiple 14
impact 14
e.g 14
mechanisms 14
forwarding 13
significant 13
vSwitch 13
mechanism 13
introduction 13
allocation 13
functionality 13
processing 13
controller 13
actions 13
present 13
services 13
throughput 12
NOX 12
CPU 12
key 12
server 12
providing 12
Ethernet 12
make 12
properties 12
10 12
modification 12
finally 12
capabilities 12
OpenFlow-enabled 12
years 12
